[ 2018-04-25T00:25:54+08:00 ] 127.0.0.1 /huigoupiao/Public/Theater/banner_bg.f7fd103e3b8c16b6f449cce43fc57f45.png
INFO: [ app_init ] --START--
INFO: Run Behavior\BuildLiteBehavior [ RunTime:0.000000s ]
INFO: [ app_init ] --END-- [ RunTime:0.001000s ]
ERR: 无法加载模块:Public

[ 2018-04-25T00:26:06+08:00 ] 127.0.0.1 /huigoupiao/Public/Theater/banner_bg.f7fd103e3b8c16b6f449cce43fc57f45.png
INFO: [ app_init ] --START--
INFO: Run Behavior\BuildLiteBehavior [ RunTime:0.000000s ]
INFO: [ app_init ] --END-- [ RunTime:0.001000s ]
ERR: 无法加载模块:Public

[ 2018-04-25T00:28:05+08:00 ] 127.0.0.1 /huigoupiao/Public/Theater/banner_bg.f7fd103e3b8c16b6f449cce43fc57f45.png
INFO: [ app_init ] --START--
INFO: Run Behavior\BuildLiteBehavior [ RunTime:0.000000s ]
INFO: [ app_init ] --END-- [ RunTime:0.001000s ]
ERR: 无法加载模块:Public

[ 2018-04-25T00:28:53+08:00 ] 127.0.0.1 /huigoupiao/Public/Theater/banner_bg.f7fd103e3b8c16b6f449cce43fc57f45.png
INFO: [ app_init ] --START--
INFO: Run Behavior\BuildLiteBehavior [ RunTime:0.000000s ]
INFO: [ app_init ] --END-- [ RunTime:0.001001s ]
ERR: 无法加载模块:Public

[ 2018-04-25T00:34:03+08:00 ] 127.0.0.1 /huigoupiao/Public/Theater/banner_bg.f7fd103e3b8c16b6f449cce43fc57f45.png
INFO: [ app_init ] --START--
INFO: Run Behavior\BuildLiteBehavior [ RunTime:0.000000s ]
INFO: [ app_init ] --END-- [ RunTime:0.002000s ]
ERR: 无法加载模块:Public

[ 2018-04-25T00:36:59+08:00 ] 127.0.0.1 /huigoupiao/Public/Theater/banner_bg.f7fd103e3b8c16b6f449cce43fc57f45.png
INFO: [ app_init ] --START--
INFO: Run Behavior\BuildLiteBehavior [ RunTime:0.000000s ]
INFO: [ app_init ] --END-- [ RunTime:0.001001s ]
ERR: 无法加载模块:Public

[ 2018-04-25T00:40:01+08:00 ] 127.0.0.1 /huigoupiao/Public/Theater/banner_bg.f7fd103e3b8c16b6f449cce43fc57f45.png
INFO: [ app_init ] --START--
INFO: Run Behavior\BuildLiteBehavior [ RunTime:0.000000s ]
INFO: [ app_init ] --END-- [ RunTime:0.002000s ]
ERR: 无法加载模块:Public

[ 2018-04-25T00:40:26+08:00 ] 127.0.0.1 /huigoupiao/Public/Theater/banner_bg.f7fd103e3b8c16b6f449cce43fc57f45.png
INFO: [ app_init ] --START--
INFO: Run Behavior\BuildLiteBehavior [ RunTime:0.001000s ]
INFO: [ app_init ] --END-- [ RunTime:0.001000s ]
ERR: 无法加载模块:Public

[ 2018-04-25T00:40:29+08:00 ] 127.0.0.1 /huigoupiao/Public/Theater/buyBook.js
INFO: [ app_init ] --START--
INFO: Run Behavior\BuildLiteBehavior [ RunTime:0.000000s ]
INFO: [ app_init ] --END-- [ RunTime:0.001000s ]
ERR: 无法加载模块:Public

[ 2018-04-25T00:40:29+08:00 ] 127.0.0.1 /huigoupiao/Public/Theater/buyBook.js
INFO: [ app_init ] --START--
INFO: Run Behavior\BuildLiteBehavior [ RunTime:0.000000s ]
INFO: [ app_init ] --END-- [ RunTime:0.000000s ]
ERR: 无法加载模块:Public

[ 2018-04-25T00:42:51+08:00 ] 127.0.0.1 /huigoupiao/Public/Theater/banner_bg.f7fd103e3b8c16b6f449cce43fc57f45.png
INFO: [ app_init ] --START--
INFO: Run Behavior\BuildLiteBehavior [ RunTime:0.000000s ]
INFO: [ app_init ] --END-- [ RunTime:0.001000s ]
ERR: 无法加载模块:Public

[ 2018-04-25T00:43:09+08:00 ] 127.0.0.1 /huigoupiao/Public/Theater/banner_bg.f7fd103e3b8c16b6f449cce43fc57f45.png
INFO: [ app_init ] --START--
INFO: Run Behavior\BuildLiteBehavior [ RunTime:0.000000s ]
INFO: [ app_init ] --END-- [ RunTime:0.001000s ]
ERR: 无法加载模块:Public

[ 2018-04-25T00:43:51+08:00 ] 127.0.0.1 /huigoupiao/Public/Theater/banner_bg.f7fd103e3b8c16b6f449cce43fc57f45.png
INFO: [ app_init ] --START--
INFO: Run Behavior\BuildLiteBehavior [ RunTime:0.001000s ]
INFO: [ app_init ] --END-- [ RunTime:0.001000s ]
ERR: 无法加载模块:Public

[ 2018-04-25T00:44:19+08:00 ] 127.0.0.1 /huigoupiao/Public/Theater/banner_bg.f7fd103e3b8c16b6f449cce43fc57f45.png
INFO: [ app_init ] --START--
INFO: Run Behavior\BuildLiteBehavior [ RunTime:0.000000s ]
INFO: [ app_init ] --END-- [ RunTime:0.003001s ]
ERR: 无法加载模块:Public

[ 2018-04-25T00:45:35+08:00 ] 127.0.0.1 /huigoupiao/Public/Theater/banner_bg.f7fd103e3b8c16b6f449cce43fc57f45.png
INFO: [ app_init ] --START--
INFO: Run Behavior\BuildLiteBehavior [ RunTime:0.000000s ]
INFO: [ app_init ] --END-- [ RunTime:0.001000s ]
ERR: 无法加载模块:Public

[ 2018-04-25T00:53:34+08:00 ] 127.0.0.1 /huigoupiao/Public/Theater/banner_bg.f7fd103e3b8c16b6f449cce43fc57f45.png
INFO: [ app_init ] --START--
INFO: Run Behavior\BuildLiteBehavior [ RunTime:0.000000s ]
INFO: [ app_init ] --END-- [ RunTime:0.000000s ]
ERR: 无法加载模块:Public

[ 2018-04-25T14:34:21+08:00 ] 127.0.0.1 /huigoupiao/Public/Theater/buyBook.js
INFO: [ app_init ] --START--
INFO: Run Behavior\BuildLiteBehavior [ RunTime:0.000000s ]
INFO: [ app_init ] --END-- [ RunTime:0.000000s ]
ERR: 无法加载模块:Public

[ 2018-04-25T14:34:21+08:00 ] 127.0.0.1 /huigoupiao/Public/Theater/buyBook.js
INFO: [ app_init ] --START--
INFO: Run Behavior\BuildLiteBehavior [ RunTime:0.000000s ]
INFO: [ app_init ] --END-- [ RunTime:0.000000s ]
ERR: 无法加载模块:Public

[ 2018-04-25T14:37:04+08:00 ] 127.0.0.1 /huigoupiao/Public/Theater/banner_bg.f7fd103e3b8c16b6f449cce43fc57f45.png
INFO: [ app_init ] --START--
INFO: Run Behavior\BuildLiteBehavior [ RunTime:0.000000s ]
INFO: [ app_init ] --END-- [ RunTime:0.001000s ]
ERR: 无法加载模块:Public

[ 2018-04-25T14:37:09+08:00 ] 127.0.0.1 /huigoupiao/Public/Theater/buyBook.js
INFO: [ app_init ] --START--
INFO: Run Behavior\BuildLiteBehavior [ RunTime:0.000000s ]
INFO: [ app_init ] --END-- [ RunTime:0.001000s ]
ERR: 无法加载模块:Public

[ 2018-04-25T14:37:09+08:00 ] 127.0.0.1 /huigoupiao/Public/Theater/buyBook.js
INFO: [ app_init ] --START--
INFO: Run Behavior\BuildLiteBehavior [ RunTime:0.000000s ]
INFO: [ app_init ] --END-- [ RunTime:0.000000s ]
ERR: 无法加载模块:Public

[ 2018-04-25T15:00:02+08:00 ] 127.0.0.1 /huigoupiao/Public/Theater/banner_bg.f7fd103e3b8c16b6f449cce43fc57f45.png
INFO: [ app_init ] --START--
INFO: Run Behavior\BuildLiteBehavior [ RunTime:0.000000s ]
INFO: [ app_init ] --END-- [ RunTime:0.000000s ]
ERR: 无法加载模块:Public

[ 2018-04-25T15:00:39+08:00 ] 127.0.0.1 /huigoupiao/Public/banner_bg.f7fd103e3b8c16b6f449cce43fc57f45.png
INFO: [ app_init ] --START--
INFO: Run Behavior\BuildLiteBehavior [ RunTime:0.000000s ]
INFO: [ app_init ] --END-- [ RunTime:0.001000s ]
ERR: 无法加载模块:Public

[ 2018-04-25T15:00:39+08:00 ] 127.0.0.1 /huigoupiao/Public/Theater/banner_bg.f7fd103e3b8c16b6f449cce43fc57f45.png
INFO: [ app_init ] --START--
INFO: Run Behavior\BuildLiteBehavior [ RunTime:0.000000s ]
INFO: [ app_init ] --END-- [ RunTime:0.001000s ]
ERR: 无法加载模块:Public

[ 2018-04-25T15:02:36+08:00 ] 127.0.0.1 /huigoupiao/Public/Theater/banner_bg.f7fd103e3b8c16b6f449cce43fc57f45.png
INFO: [ app_init ] --START--
INFO: Run Behavior\BuildLiteBehavior [ RunTime:0.000000s ]
INFO: [ app_init ] --END-- [ RunTime:0.001001s ]
ERR: 无法加载模块:Public

[ 2018-04-25T15:36:10+08:00 ] 127.0.0.1 /huigoupiao/Public/Theater/banner_bg.f7fd103e3b8c16b6f449cce43fc57f45.png
INFO: [ app_init ] --START--
INFO: Run Behavior\BuildLiteBehavior [ RunTime:0.000000s ]
INFO: [ app_init ] --END-- [ RunTime:0.001000s ]
ERR: 无法加载模块:Public

[ 2018-04-25T15:36:19+08:00 ] 127.0.0.1 /huigoupiao/Public/Theater/banner_bg.f7fd103e3b8c16b6f449cce43fc57f45.png
INFO: [ app_init ] --START--
INFO: Run Behavior\BuildLiteBehavior [ RunTime:0.000000s ]
INFO: [ app_init ] --END-- [ RunTime:0.001000s ]
ERR: 无法加载模块:Public

[ 2018-04-25T16:05:26+08:00 ] 127.0.0.1 /huigoupiao/Public/Theater/banner_bg.f7fd103e3b8c16b6f449cce43fc57f45.png
INFO: [ app_init ] --START--
INFO: Run Behavior\BuildLiteBehavior [ RunTime:0.000000s ]
INFO: [ app_init ] --END-- [ RunTime:0.001000s ]
ERR: 无法加载模块:Public

[ 2018-04-25T16:06:15+08:00 ] 127.0.0.1 /huigoupiao/Public/Theater/banner_bg.f7fd103e3b8c16b6f449cce43fc57f45.png
INFO: [ app_init ] --START--
INFO: Run Behavior\BuildLiteBehavior [ RunTime:0.000000s ]
INFO: [ app_init ] --END-- [ RunTime:0.001000s ]
ERR: 无法加载模块:Public

[ 2018-04-25T16:06:31+08:00 ] 127.0.0.1 /huigoupiao/Public/Theater/banner_bg.f7fd103e3b8c16b6f449cce43fc57f45.png
INFO: [ app_init ] --START--
INFO: Run Behavior\BuildLiteBehavior [ RunTime:0.001000s ]
INFO: [ app_init ] --END-- [ RunTime:0.001000s ]
ERR: 无法加载模块:Public

[ 2018-04-25T16:07:52+08:00 ] 127.0.0.1 /huigoupiao/Public/Theater/banner_bg.f7fd103e3b8c16b6f449cce43fc57f45.png
INFO: [ app_init ] --START--
INFO: Run Behavior\BuildLiteBehavior [ RunTime:0.000000s ]
INFO: [ app_init ] --END-- [ RunTime:0.001000s ]
ERR: 无法加载模块:Public

[ 2018-04-25T16:08:58+08:00 ] 127.0.0.1 /huigoupiao/Public/Theater/banner_bg.f7fd103e3b8c16b6f449cce43fc57f45.png
INFO: [ app_init ] --START--
INFO: Run Behavior\BuildLiteBehavior [ RunTime:0.000000s ]
INFO: [ app_init ] --END-- [ RunTime:0.001000s ]
ERR: 无法加载模块:Public

[ 2018-04-25T16:10:26+08:00 ] 127.0.0.1 /huigoupiao/Public/Theater/banner_bg.f7fd103e3b8c16b6f449cce43fc57f45.png
INFO: [ app_init ] --START--
INFO: Run Behavior\BuildLiteBehavior [ RunTime:0.000000s ]
INFO: [ app_init ] --END-- [ RunTime:0.001000s ]
ERR: 无法加载模块:Public

[ 2018-04-25T16:16:57+08:00 ] 127.0.0.1 /huigoupiao/Public/Theater/banner_bg.f7fd103e3b8c16b6f449cce43fc57f45.png
INFO: [ app_init ] --START--
INFO: Run Behavior\BuildLiteBehavior [ RunTime:0.000000s ]
INFO: [ app_init ] --END-- [ RunTime:0.001000s ]
ERR: 无法加载模块:Public

[ 2018-04-25T16:18:00+08:00 ] 127.0.0.1 /huigoupiao/Public/Theater/banner_bg.f7fd103e3b8c16b6f449cce43fc57f45.png
INFO: [ app_init ] --START--
INFO: Run Behavior\BuildLiteBehavior [ RunTime:0.001000s ]
INFO: [ app_init ] --END-- [ RunTime:0.001000s ]
ERR: 无法加载模块:Public

[ 2018-04-25T16:39:44+08:00 ] 127.0.0.1 /huigoupiao/Public/Theater/banner_bg.f7fd103e3b8c16b6f449cce43fc57f45.png
INFO: [ app_init ] --START--
INFO: Run Behavior\BuildLiteBehavior [ RunTime:0.000000s ]
INFO: [ app_init ] --END-- [ RunTime:0.000000s ]
ERR: 无法加载模块:Public

[ 2018-04-25T16:51:41+08:00 ] 127.0.0.1 /huigoupiao/Public/Theater/banner_bg.f7fd103e3b8c16b6f449cce43fc57f45.png
INFO: [ app_init ] --START--
INFO: Run Behavior\BuildLiteBehavior [ RunTime:0.000000s ]
INFO: [ app_init ] --END-- [ RunTime:0.001000s ]
ERR: 无法加载模块:Public

[ 2018-04-25T17:17:41+08:00 ] 127.0.0.1 /huigoupiao/Public/banner_bg.f7fd103e3b8c16b6f449cce43fc57f45.png
INFO: [ app_init ] --START--
INFO: Run Behavior\BuildLiteBehavior [ RunTime:0.000000s ]
INFO: [ app_init ] --END-- [ RunTime:0.001000s ]
ERR: 无法加载模块:Public

[ 2018-04-25T17:17:41+08:00 ] 127.0.0.1 /huigoupiao/Public/Theater/banner_bg.f7fd103e3b8c16b6f449cce43fc57f45.png
INFO: [ app_init ] --START--
INFO: Run Behavior\BuildLiteBehavior [ RunTime:0.000000s ]
INFO: [ app_init ] --END-- [ RunTime:0.000000s ]
ERR: 无法加载模块:Public

[ 2018-04-25T17:17:57+08:00 ] 127.0.0.1 /huigoupiao/Public/Theater/banner_bg.f7fd103e3b8c16b6f449cce43fc57f45.png
INFO: [ app_init ] --START--
INFO: Run Behavior\BuildLiteBehavior [ RunTime:0.000000s ]
INFO: [ app_init ] --END-- [ RunTime:0.001000s ]
ERR: 无法加载模块:Public

[ 2018-04-25T20:09:49+08:00 ] 127.0.0.1 /huigoupiao/Public/Theater/banner_bg.f7fd103e3b8c16b6f449cce43fc57f45.png
INFO: [ app_init ] --START--
INFO: Run Behavior\BuildLiteBehavior [ RunTime:0.000000s ]
INFO: [ app_init ] --END-- [ RunTime:0.000000s ]
ERR: 无法加载模块:Public

[ 2018-04-25T20:10:52+08:00 ] 127.0.0.1 /huigoupiao/Public/Theater/banner_bg.f7fd103e3b8c16b6f449cce43fc57f45.png
INFO: [ app_init ] --START--
INFO: Run Behavior\BuildLiteBehavior [ RunTime:0.000000s ]
INFO: [ app_init ] --END-- [ RunTime:0.001000s ]
ERR: 无法加载模块:Public

[ 2018-04-25T20:11:59+08:00 ] 127.0.0.1 /huigoupiao/Public/Theater/banner_bg.f7fd103e3b8c16b6f449cce43fc57f45.png
INFO: [ app_init ] --START--
INFO: Run Behavior\BuildLiteBehavior [ RunTime:0.000000s ]
INFO: [ app_init ] --END-- [ RunTime:0.001000s ]
ERR: 无法加载模块:Public

[ 2018-04-25T20:13:04+08:00 ] 127.0.0.1 /huigoupiao/Public/banner_bg.f7fd103e3b8c16b6f449cce43fc57f45.png
INFO: [ app_init ] --START--
INFO: Run Behavior\BuildLiteBehavior [ RunTime:0.000000s ]
INFO: [ app_init ] --END-- [ RunTime:0.001000s ]
ERR: 无法加载模块:Public

[ 2018-04-25T20:13:04+08:00 ] 127.0.0.1 /huigoupiao/Public/Theater/banner_bg.f7fd103e3b8c16b6f449cce43fc57f45.png
INFO: [ app_init ] --START--
INFO: Run Behavior\BuildLiteBehavior [ RunTime:0.000000s ]
INFO: [ app_init ] --END-- [ RunTime:0.000000s ]
ERR: 无法加载模块:Public

[ 2018-04-25T20:16:49+08:00 ] 127.0.0.1 /huigoupiao/Public/Theater/banner_bg.f7fd103e3b8c16b6f449cce43fc57f45.png
INFO: [ app_init ] --START--
INFO: Run Behavior\BuildLiteBehavior [ RunTime:0.000000s ]
INFO: [ app_init ] --END-- [ RunTime:0.001000s ]
ERR: 无法加载模块:Public

[ 2018-04-25T20:18:01+08:00 ] 127.0.0.1 /huigoupiao/Public/Theater/banner_bg.f7fd103e3b8c16b6f449cce43fc57f45.png
INFO: [ app_init ] --START--
INFO: Run Behavior\BuildLiteBehavior [ RunTime:0.000000s ]
INFO: [ app_init ] --END-- [ RunTime:0.001000s ]
ERR: 无法加载模块:Public

[ 2018-04-25T20:18:59+08:00 ] 127.0.0.1 /huigoupiao/Public/banner_bg.f7fd103e3b8c16b6f449cce43fc57f45.png
INFO: [ app_init ] --START--
INFO: Run Behavior\BuildLiteBehavior [ RunTime:0.000000s ]
INFO: [ app_init ] --END-- [ RunTime:0.001000s ]
ERR: 无法加载模块:Public

[ 2018-04-25T20:18:59+08:00 ] 127.0.0.1 /huigoupiao/Public/Theater/banner_bg.f7fd103e3b8c16b6f449cce43fc57f45.png
INFO: [ app_init ] --START--
INFO: Run Behavior\BuildLiteBehavior [ RunTime:0.000000s ]
INFO: [ app_init ] --END-- [ RunTime:0.001000s ]
ERR: 无法加载模块:Public

[ 2018-04-25T20:20:50+08:00 ] 127.0.0.1 /huigoupiao/Public/Theater/banner_bg.f7fd103e3b8c16b6f449cce43fc57f45.png
INFO: [ app_init ] --START--
INFO: Run Behavior\BuildLiteBehavior [ RunTime:0.000000s ]
INFO: [ app_init ] --END-- [ RunTime:0.000000s ]
ERR: 无法加载模块:Public

[ 2018-04-25T20:27:39+08:00 ] 127.0.0.1 /huigoupiao/Public/Theater/banner_bg.f7fd103e3b8c16b6f449cce43fc57f45.png
INFO: [ app_init ] --START--
INFO: Run Behavior\BuildLiteBehavior [ RunTime:0.001000s ]
INFO: [ app_init ] --END-- [ RunTime:0.001000s ]
ERR: 无法加载模块:Public

[ 2018-04-25T20:29:44+08:00 ] 127.0.0.1 /huigoupiao/Public/Theater/banner_bg.f7fd103e3b8c16b6f449cce43fc57f45.png
INFO: [ app_init ] --START--
INFO: Run Behavior\BuildLiteBehavior [ RunTime:0.000000s ]
INFO: [ app_init ] --END-- [ RunTime:0.001000s ]
ERR: 无法加载模块:Public

[ 2018-04-25T20:33:59+08:00 ] 127.0.0.1 /huigoupiao/Public/Theater/banner_bg.f7fd103e3b8c16b6f449cce43fc57f45.png
INFO: [ app_init ] --START--
INFO: Run Behavior\BuildLiteBehavior [ RunTime:0.000000s ]
INFO: [ app_init ] --END-- [ RunTime:0.001000s ]
ERR: 无法加载模块:Public

[ 2018-04-25T20:34:58+08:00 ] 127.0.0.1 /huigoupiao/Public/Theater/banner_bg.f7fd103e3b8c16b6f449cce43fc57f45.png
INFO: [ app_init ] --START--
INFO: Run Behavior\BuildLiteBehavior [ RunTime:0.000000s ]
INFO: [ app_init ] --END-- [ RunTime:0.001000s ]
ERR: 无法加载模块:Public

[ 2018-04-25T20:35:30+08:00 ] 127.0.0.1 /huigoupiao/Public/Theater/banner_bg.f7fd103e3b8c16b6f449cce43fc57f45.png
INFO: [ app_init ] --START--
INFO: Run Behavior\BuildLiteBehavior [ RunTime:0.000000s ]
INFO: [ app_init ] --END-- [ RunTime:0.001000s ]
ERR: 无法加载模块:Public

[ 2018-04-25T20:36:07+08:00 ] 127.0.0.1 /huigoupiao/Public/Theater/banner_bg.f7fd103e3b8c16b6f449cce43fc57f45.png
INFO: [ app_init ] --START--
INFO: Run Behavior\BuildLiteBehavior [ RunTime:0.000000s ]
INFO: [ app_init ] --END-- [ RunTime:0.001000s ]
ERR: 无法加载模块:Public

