[ 2018-04-21T16:04:55+08:00 ] 127.0.0.1 /huigoupiao/Public/banner_bg.f7fd103e3b8c16b6f449cce43fc57f45.png
INFO: [ app_init ] --START--
INFO: Run Behavior\BuildLiteBehavior [ RunTime:0.000000s ]
INFO: [ app_init ] --END-- [ RunTime:0.001000s ]
ERR: 无法加载模块:Public

[ 2018-04-21T16:09:39+08:00 ] 127.0.0.1 /huigoupiao/Public/banner_bg.f7fd103e3b8c16b6f449cce43fc57f45.png
INFO: [ app_init ] --START--
INFO: Run Behavior\BuildLiteBehavior [ RunTime:0.000000s ]
INFO: [ app_init ] --END-- [ RunTime:0.001000s ]
ERR: 无法加载模块:Public

[ 2018-04-21T16:11:57+08:00 ] 127.0.0.1 /huigoupiao/Public/banner_bg.f7fd103e3b8c16b6f449cce43fc57f45.png
INFO: [ app_init ] --START--
INFO: Run Behavior\BuildLiteBehavior [ RunTime:0.000000s ]
INFO: [ app_init ] --END-- [ RunTime:0.001000s ]
ERR: 无法加载模块:Public

[ 2018-04-21T16:12:49+08:00 ] 127.0.0.1 /huigoupiao/Public/Theater/banner_bg.f7fd103e3b8c16b6f449cce43fc57f45.png
INFO: [ app_init ] --START--
INFO: Run Behavior\BuildLiteBehavior [ RunTime:0.000000s ]
INFO: [ app_init ] --END-- [ RunTime:0.001000s ]
ERR: 无法加载模块:Public

[ 2018-04-21T16:14:45+08:00 ] 127.0.0.1 /huigoupiao/Public/Theater/banner_bg.f7fd103e3b8c16b6f449cce43fc57f45.png
INFO: [ app_init ] --START--
INFO: Run Behavior\BuildLiteBehavior [ RunTime:0.000000s ]
INFO: [ app_init ] --END-- [ RunTime:0.000000s ]
ERR: 无法加载模块:Public

[ 2018-04-21T22:22:27+08:00 ] 127.0.0.1 /huigoupiao/Public/Theater/banner_bg.f7fd103e3b8c16b6f449cce43fc57f45.png
INFO: [ app_init ] --START--
INFO: Run Behavior\BuildLiteBehavior [ RunTime:0.000000s ]
INFO: [ app_init ] --END-- [ RunTime:0.001000s ]
ERR: 无法加载模块:Public

[ 2018-04-21T22:22:43+08:00 ] 127.0.0.1 /huigoupiao/Public/Theater/banner_bg.f7fd103e3b8c16b6f449cce43fc57f45.png
INFO: [ app_init ] --START--
INFO: Run Behavior\BuildLiteBehavior [ RunTime:0.000000s ]
INFO: [ app_init ] --END-- [ RunTime:0.001000s ]
ERR: 无法加载模块:Public

[ 2018-04-21T22:24:50+08:00 ] 127.0.0.1 /huigoupiao/Public/Theater/banner_bg.f7fd103e3b8c16b6f449cce43fc57f45.png
INFO: [ app_init ] --START--
INFO: Run Behavior\BuildLiteBehavior [ RunTime:0.000000s ]
INFO: [ app_init ] --END-- [ RunTime:0.001000s ]
ERR: 无法加载模块:Public

[ 2018-04-21T22:25:48+08:00 ] 127.0.0.1 /huigoupiao/Public/Theater/banner_bg.f7fd103e3b8c16b6f449cce43fc57f45.png
INFO: [ app_init ] --START--
INFO: Run Behavior\BuildLiteBehavior [ RunTime:0.000000s ]
INFO: [ app_init ] --END-- [ RunTime:0.001000s ]
ERR: 无法加载模块:Public

[ 2018-04-21T22:26:33+08:00 ] 127.0.0.1 /huigoupiao/Public/Theater/banner_bg.f7fd103e3b8c16b6f449cce43fc57f45.png
INFO: [ app_init ] --START--
INFO: Run Behavior\BuildLiteBehavior [ RunTime:0.000000s ]
INFO: [ app_init ] --END-- [ RunTime:0.002000s ]
ERR: 无法加载模块:Public

[ 2018-04-21T22:27:02+08:00 ] 127.0.0.1 /huigoupiao/Public/Theater/banner_bg.f7fd103e3b8c16b6f449cce43fc57f45.png
INFO: [ app_init ] --START--
INFO: Run Behavior\BuildLiteBehavior [ RunTime:0.000000s ]
INFO: [ app_init ] --END-- [ RunTime:0.001001s ]
ERR: 无法加载模块:Public

[ 2018-04-21T22:27:38+08:00 ] 127.0.0.1 /huigoupiao/Public/Theater/banner_bg.f7fd103e3b8c16b6f449cce43fc57f45.png
INFO: [ app_init ] --START--
INFO: Run Behavior\BuildLiteBehavior [ RunTime:0.000000s ]
INFO: [ app_init ] --END-- [ RunTime:0.002000s ]
ERR: 无法加载模块:Public

[ 2018-04-21T22:28:32+08:00 ] 127.0.0.1 /huigoupiao/Public/banner_bg.f7fd103e3b8c16b6f449cce43fc57f45.png
INFO: [ app_init ] --START--
INFO: Run Behavior\BuildLiteBehavior [ RunTime:0.000000s ]
INFO: [ app_init ] --END-- [ RunTime:0.001000s ]
ERR: 无法加载模块:Public

[ 2018-04-21T22:28:33+08:00 ] 127.0.0.1 /huigoupiao/Public/Theater/banner_bg.f7fd103e3b8c16b6f449cce43fc57f45.png
INFO: [ app_init ] --START--
INFO: Run Behavior\BuildLiteBehavior [ RunTime:0.000000s ]
INFO: [ app_init ] --END-- [ RunTime:0.001000s ]
ERR: 无法加载模块:Public

[ 2018-04-21T22:28:34+08:00 ] 127.0.0.1 /huigoupiao/Public/Theater/buyBook.js
INFO: [ app_init ] --START--
INFO: Run Behavior\BuildLiteBehavior [ RunTime:0.000000s ]
INFO: [ app_init ] --END-- [ RunTime:0.001000s ]
ERR: 无法加载模块:Public

[ 2018-04-21T22:28:35+08:00 ] 127.0.0.1 /huigoupiao/Public/Theater/buyBook.js
INFO: [ app_init ] --START--
INFO: Run Behavior\BuildLiteBehavior [ RunTime:0.000000s ]
INFO: [ app_init ] --END-- [ RunTime:0.001000s ]
ERR: 无法加载模块:Public

[ 2018-04-21T22:29:15+08:00 ] 127.0.0.1 /huigoupiao/Public/Theater/banner_bg.f7fd103e3b8c16b6f449cce43fc57f45.png
INFO: [ app_init ] --START--
INFO: Run Behavior\BuildLiteBehavior [ RunTime:0.001000s ]
INFO: [ app_init ] --END-- [ RunTime:0.001000s ]
ERR: 无法加载模块:Public

[ 2018-04-21T22:29:18+08:00 ] 127.0.0.1 /huigoupiao/Public/Theater/buyBook.js
INFO: [ app_init ] --START--
INFO: Run Behavior\BuildLiteBehavior [ RunTime:0.000000s ]
INFO: [ app_init ] --END-- [ RunTime:0.002000s ]
ERR: 无法加载模块:Public

[ 2018-04-21T22:29:19+08:00 ] 127.0.0.1 /huigoupiao/Public/Theater/buyBook.js
INFO: [ app_init ] --START--
INFO: Run Behavior\BuildLiteBehavior [ RunTime:0.000000s ]
INFO: [ app_init ] --END-- [ RunTime:0.001000s ]
ERR: 无法加载模块:Public

[ 2018-04-21T22:30:16+08:00 ] 127.0.0.1 /huigoupiao/Public/Theater/banner_bg.f7fd103e3b8c16b6f449cce43fc57f45.png
INFO: [ app_init ] --START--
INFO: Run Behavior\BuildLiteBehavior [ RunTime:0.001000s ]
INFO: [ app_init ] --END-- [ RunTime:0.001000s ]
ERR: 无法加载模块:Public

[ 2018-04-21T22:30:19+08:00 ] 127.0.0.1 /huigoupiao/Public/Theater/buyBook.js
INFO: [ app_init ] --START--
INFO: Run Behavior\BuildLiteBehavior [ RunTime:0.000000s ]
INFO: [ app_init ] --END-- [ RunTime:0.001000s ]
ERR: 无法加载模块:Public

[ 2018-04-21T22:30:19+08:00 ] 127.0.0.1 /huigoupiao/Public/Theater/buyBook.js
INFO: [ app_init ] --START--
INFO: Run Behavior\BuildLiteBehavior [ RunTime:0.000000s ]
INFO: [ app_init ] --END-- [ RunTime:0.001000s ]
ERR: 无法加载模块:Public

