[ 2018-05-12T01:04:20+08:00 ] 127.0.0.1 /huigoupiao/Public/Theater/banner_bg.f7fd103e3b8c16b6f449cce43fc57f45.png
INFO: [ app_init ] --START--
INFO: Run Behavior\BuildLiteBehavior [ RunTime:0.000000s ]
INFO: [ app_init ] --END-- [ RunTime:0.001000s ]
ERR: 无法加载模块:Public

[ 2018-05-12T19:43:30+08:00 ] 127.0.0.1 /huigoupiao/Public/AllPic/haibao/dyc.jpg
INFO: [ app_init ] --START--
INFO: Run Behavior\BuildLiteBehavior [ RunTime:0.000000s ]
INFO: [ app_init ] --END-- [ RunTime:0.002001s ]
ERR: 无法加载模块:Public

[ 2018-05-12T19:43:35+08:00 ] 127.0.0.1 /huigoupiao/Public/Theater/banner_bg.f7fd103e3b8c16b6f449cce43fc57f45.png
INFO: [ app_init ] --START--
INFO: Run Behavior\BuildLiteBehavior [ RunTime:0.000000s ]
INFO: [ app_init ] --END-- [ RunTime:0.001000s ]
ERR: 无法加载模块:Public

[ 2018-05-12T19:43:46+08:00 ] 127.0.0.1 /huigoupiao/Public/AllPic/haibao/dyc.jpg
INFO: [ app_init ] --START--
INFO: Run Behavior\BuildLiteBehavior [ RunTime:0.000000s ]
INFO: [ app_init ] --END-- [ RunTime:0.002000s ]
ERR: 无法加载模块:Public

[ 2018-05-12T19:46:42+08:00 ] 127.0.0.1 /huigoupiao/Public/AllPic/haibao/dyc.jpg
INFO: [ app_init ] --START--
INFO: Run Behavior\BuildLiteBehavior [ RunTime:0.000000s ]
INFO: [ app_init ] --END-- [ RunTime:0.001000s ]
ERR: 无法加载模块:Public

[ 2018-05-12T19:48:13+08:00 ] 127.0.0.1 /huigoupiao/Public/AllPic/haibao/dyc.jpg
INFO: [ app_init ] --START--
INFO: Run Behavior\BuildLiteBehavior [ RunTime:0.000000s ]
INFO: [ app_init ] --END-- [ RunTime:0.003000s ]
ERR: 无法加载模块:Public

[ 2018-05-12T19:48:29+08:00 ] 127.0.0.1 /huigoupiao/Public/AllPic/haibao/dyc.jpg
INFO: [ app_init ] --START--
INFO: Run Behavior\BuildLiteBehavior [ RunTime:0.000000s ]
INFO: [ app_init ] --END-- [ RunTime:0.002000s ]
ERR: 无法加载模块:Public

[ 2018-05-12T19:48:56+08:00 ] 127.0.0.1 /huigoupiao/Public/AllPic/haibao/dyc.jpg
INFO: [ app_init ] --START--
INFO: Run Behavior\BuildLiteBehavior [ RunTime:0.000000s ]
INFO: [ app_init ] --END-- [ RunTime:0.010001s ]
ERR: 无法加载模块:Public

[ 2018-05-12T22:32:43+08:00 ] 127.0.0.1 /huigoupiao/Public/AllPic/tuji/fmbx/02.jpg
INFO: [ app_init ] --START--
INFO: Run Behavior\BuildLiteBehavior [ RunTime:0.000000s ]
INFO: [ app_init ] --END-- [ RunTime:0.001000s ]
ERR: 无法加载模块:Public

[ 2018-05-12T22:32:43+08:00 ] 127.0.0.1 /huigoupiao/Public/AllPic/tuji/fmbx/08.jpg
INFO: [ app_init ] --START--
INFO: Run Behavior\BuildLiteBehavior [ RunTime:0.000000s ]
INFO: [ app_init ] --END-- [ RunTime:0.001000s ]
ERR: 无法加载模块:Public

[ 2018-05-12T22:32:43+08:00 ] 127.0.0.1 /huigoupiao/Public/AllPic/tuji/fmbx/01.jpg
INFO: [ app_init ] --START--
INFO: Run Behavior\BuildLiteBehavior [ RunTime:0.000000s ]
INFO: [ app_init ] --END-- [ RunTime:0.001001s ]
ERR: 无法加载模块:Public

[ 2018-05-12T22:32:43+08:00 ] 127.0.0.1 /huigoupiao/Public/AllPic/tuji/fmbx/05.jpg
INFO: [ app_init ] --START--
INFO: Run Behavior\BuildLiteBehavior [ RunTime:0.004000s ]
INFO: [ app_init ] --END-- [ RunTime:0.010001s ]
ERR: 无法加载模块:Public

[ 2018-05-12T22:32:43+08:00 ] 127.0.0.1 /huigoupiao/Public/AllPic/tuji/fmbx/04.jpg
INFO: [ app_init ] --START--
INFO: Run Behavior\BuildLiteBehavior [ RunTime:0.000000s ]
INFO: [ app_init ] --END-- [ RunTime:0.002000s ]
ERR: 无法加载模块:Public

[ 2018-05-12T22:32:43+08:00 ] 127.0.0.1 /huigoupiao/Public/AllPic/tuji/fmbx/03.jpg
INFO: [ app_init ] --START--
INFO: Run Behavior\BuildLiteBehavior [ RunTime:0.000000s ]
INFO: [ app_init ] --END-- [ RunTime:0.003000s ]
ERR: 无法加载模块:Public

[ 2018-05-12T22:32:43+08:00 ] 127.0.0.1 /huigoupiao/Public/AllPic/tuji/fmbx/12.jpg
INFO: [ app_init ] --START--
INFO: Run Behavior\BuildLiteBehavior [ RunTime:0.001000s ]
INFO: [ app_init ] --END-- [ RunTime:0.003000s ]
ERR: 无法加载模块:Public

[ 2018-05-12T22:32:43+08:00 ] 127.0.0.1 /huigoupiao/Public/AllPic/tuji/fmbx/06.jpg
INFO: [ app_init ] --START--
INFO: Run Behavior\BuildLiteBehavior [ RunTime:0.000000s ]
INFO: [ app_init ] --END-- [ RunTime:0.002000s ]
ERR: 无法加载模块:Public

[ 2018-05-12T22:32:43+08:00 ] 127.0.0.1 /huigoupiao/Public/AllPic/tuji/fmbx/11.jpg
INFO: [ app_init ] --START--
INFO: Run Behavior\BuildLiteBehavior [ RunTime:0.000000s ]
INFO: [ app_init ] --END-- [ RunTime:0.003000s ]
ERR: 无法加载模块:Public

[ 2018-05-12T22:32:43+08:00 ] 127.0.0.1 /huigoupiao/Public/AllPic/tuji/fmbx/10.jpg
INFO: [ app_init ] --START--
INFO: Run Behavior\BuildLiteBehavior [ RunTime:0.000000s ]
INFO: [ app_init ] --END-- [ RunTime:0.001000s ]
ERR: 无法加载模块:Public

[ 2018-05-12T22:32:43+08:00 ] 127.0.0.1 /huigoupiao/Public/AllPic/tuji/fmbx/07.jpg
INFO: [ app_init ] --START--
INFO: Run Behavior\BuildLiteBehavior [ RunTime:0.000000s ]
INFO: [ app_init ] --END-- [ RunTime:0.001000s ]
ERR: 无法加载模块:Public

[ 2018-05-12T22:32:43+08:00 ] 127.0.0.1 /huigoupiao/Public/AllPic/tuji/fmbx/09.jpg
INFO: [ app_init ] --START--
INFO: Run Behavior\BuildLiteBehavior [ RunTime:0.000000s ]
INFO: [ app_init ] --END-- [ RunTime:0.001000s ]
ERR: 无法加载模块:Public

[ 2018-05-12T22:34:49+08:00 ] 127.0.0.1 /huigoupiao/Public/AllPic/tuji/fmbx/05.jpg
INFO: [ app_init ] --START--
INFO: Run Behavior\BuildLiteBehavior [ RunTime:0.000000s ]
INFO: [ app_init ] --END-- [ RunTime:0.004001s ]
ERR: 无法加载模块:Public

[ 2018-05-12T22:34:49+08:00 ] 127.0.0.1 /huigoupiao/Public/AllPic/tuji/fmbx/04.jpg
INFO: [ app_init ] --START--
INFO: Run Behavior\BuildLiteBehavior [ RunTime:0.000000s ]
INFO: [ app_init ] --END-- [ RunTime:0.001000s ]
ERR: 无法加载模块:Public

[ 2018-05-12T22:34:49+08:00 ] 127.0.0.1 /huigoupiao/Public/AllPic/tuji/fmbx/06.jpg
INFO: [ app_init ] --START--
INFO: Run Behavior\BuildLiteBehavior [ RunTime:0.002000s ]
INFO: [ app_init ] --END-- [ RunTime:0.006000s ]
ERR: 无法加载模块:Public

[ 2018-05-12T22:34:49+08:00 ] 127.0.0.1 /huigoupiao/Public/AllPic/tuji/fmbx/03.jpg
INFO: [ app_init ] --START--
INFO: Run Behavior\BuildLiteBehavior [ RunTime:0.000000s ]
INFO: [ app_init ] --END-- [ RunTime:0.002000s ]
ERR: 无法加载模块:Public

[ 2018-05-12T22:34:49+08:00 ] 127.0.0.1 /huigoupiao/Public/AllPic/tuji/fmbx/07.jpg
INFO: [ app_init ] --START--
INFO: Run Behavior\BuildLiteBehavior [ RunTime:0.000000s ]
INFO: [ app_init ] --END-- [ RunTime:0.003000s ]
ERR: 无法加载模块:Public

[ 2018-05-12T22:34:49+08:00 ] 127.0.0.1 /huigoupiao/Public/AllPic/tuji/fmbx/12.jpg
INFO: [ app_init ] --START--
INFO: Run Behavior\BuildLiteBehavior [ RunTime:0.002000s ]
INFO: [ app_init ] --END-- [ RunTime:0.007000s ]
ERR: 无法加载模块:Public

[ 2018-05-12T22:34:49+08:00 ] 127.0.0.1 /huigoupiao/Public/AllPic/tuji/fmbx/09.jpg
INFO: [ app_init ] --START--
INFO: Run Behavior\BuildLiteBehavior [ RunTime:0.000000s ]
INFO: [ app_init ] --END-- [ RunTime:0.003000s ]
ERR: 无法加载模块:Public

[ 2018-05-12T22:34:49+08:00 ] 127.0.0.1 /huigoupiao/Public/AllPic/tuji/fmbx/08.jpg
INFO: [ app_init ] --START--
INFO: Run Behavior\BuildLiteBehavior [ RunTime:0.000000s ]
INFO: [ app_init ] --END-- [ RunTime:0.003001s ]
ERR: 无法加载模块:Public

[ 2018-05-12T22:34:49+08:00 ] 127.0.0.1 /huigoupiao/Public/AllPic/tuji/fmbx/10.jpg
INFO: [ app_init ] --START--
INFO: Run Behavior\BuildLiteBehavior [ RunTime:0.000000s ]
INFO: [ app_init ] --END-- [ RunTime:0.002001s ]
ERR: 无法加载模块:Public

[ 2018-05-12T22:34:49+08:00 ] 127.0.0.1 /huigoupiao/Public/AllPic/tuji/fmbx/11.jpg
INFO: [ app_init ] --START--
INFO: Run Behavior\BuildLiteBehavior [ RunTime:0.000000s ]
INFO: [ app_init ] --END-- [ RunTime:0.001000s ]
ERR: 无法加载模块:Public

[ 2018-05-12T23:33:02+08:00 ] 127.0.0.1 /huigoupiao/Public/Theater/banner_bg.f7fd103e3b8c16b6f449cce43fc57f45.png
INFO: [ app_init ] --START--
INFO: Run Behavior\BuildLiteBehavior [ RunTime:0.000000s ]
INFO: [ app_init ] --END-- [ RunTime:0.001000s ]
ERR: 无法加载模块:Public

