[ 2018-04-27T13:35:32+08:00 ] 127.0.0.1 /huigoupiao/Public/Theater/banner_bg.f7fd103e3b8c16b6f449cce43fc57f45.png
INFO: [ app_init ] --START--
INFO: Run Behavior\BuildLiteBehavior [ RunTime:0.000000s ]
INFO: [ app_init ] --END-- [ RunTime:0.001000s ]
ERR: 无法加载模块:Public

[ 2018-04-27T13:52:22+08:00 ] 127.0.0.1 /huigoupiao/Public/banner_bg.f7fd103e3b8c16b6f449cce43fc57f45.png
INFO: [ app_init ] --START--
INFO: Run Behavior\BuildLiteBehavior [ RunTime:0.000000s ]
INFO: [ app_init ] --END-- [ RunTime:0.001000s ]
ERR: 无法加载模块:Public

[ 2018-04-27T13:52:58+08:00 ] 127.0.0.1 /huigoupiao/Public/banner_bg.f7fd103e3b8c16b6f449cce43fc57f45.png
INFO: [ app_init ] --START--
INFO: Run Behavior\BuildLiteBehavior [ RunTime:0.000000s ]
INFO: [ app_init ] --END-- [ RunTime:0.001000s ]
ERR: 无法加载模块:Public

[ 2018-04-27T13:56:16+08:00 ] 127.0.0.1 /huigoupiao/Public/Admin/banner_bg.f7fd103e3b8c16b6f449cce43fc57f45.png
INFO: [ app_init ] --START--
INFO: Run Behavior\BuildLiteBehavior [ RunTime:0.000000s ]
INFO: [ app_init ] --END-- [ RunTime:0.001000s ]
ERR: 无法加载模块:Public

[ 2018-04-27T13:57:33+08:00 ] 127.0.0.1 /huigoupiao/Public/Admin/banner_bg.f7fd103e3b8c16b6f449cce43fc57f45.png
INFO: [ app_init ] --START--
INFO: Run Behavior\BuildLiteBehavior [ RunTime:0.000000s ]
INFO: [ app_init ] --END-- [ RunTime:0.001000s ]
ERR: 无法加载模块:Public

[ 2018-04-27T15:37:55+08:00 ] 127.0.0.1 /huigoupiao/Public/Theater/banner_bg.f7fd103e3b8c16b6f449cce43fc57f45.png
INFO: [ app_init ] --START--
INFO: Run Behavior\BuildLiteBehavior [ RunTime:0.001000s ]
INFO: [ app_init ] --END-- [ RunTime:0.001000s ]
ERR: 无法加载模块:Public

